<?xml version="1.0" encoding="UTF-8"?>
<testsuite xmlns:xsi="http://www.w3.org/2001/XMLSchema-instance" xsi:noNamespaceSchemaLocation="https://maven.apache.org/surefire/maven-surefire-plugin/xsd/surefire-test-report-3.0.xsd" version="3.0" name="com.groupeisi.qualityGate.dao.DepotDaoTest" time="0.193" tests="1" errors="0" skipped="0" failures="0">
  <properties>
    <property name="java.specification.version" value="17"/>
    <property name="sun.cpu.isalist" value="amd64"/>
    <property name="sun.jnu.encoding" value="Cp1252"/>
    <property name="java.class.path" value="D:\JEE\qualityGate\target\test-classes;D:\JEE\qualityGate\target\classes;D:\JEE\repository\maven-repository\org\springframework\boot\spring-boot-starter-web\3.2.0\spring-boot-starter-web-3.2.0.jar;D:\JEE\repository\maven-repository\org\springframework\boot\spring-boot-starter\3.2.0\spring-boot-starter-3.2.0.jar;D:\JEE\repository\maven-repository\org\springframework\boot\spring-boot\3.2.0\spring-boot-3.2.0.jar;D:\JEE\repository\maven-repository\org\springframework\boot\spring-boot-autoconfigure\3.2.0\spring-boot-autoconfigure-3.2.0.jar;D:\JEE\repository\maven-repository\org\springframework\boot\spring-boot-starter-logging\3.2.0\spring-boot-starter-logging-3.2.0.jar;D:\JEE\repository\maven-repository\ch\qos\logback\logback-classic\1.4.11\logback-classic-1.4.11.jar;D:\JEE\repository\maven-repository\ch\qos\logback\logback-core\1.4.11\logback-core-1.4.11.jar;D:\JEE\repository\maven-repository\org\apache\logging\log4j\log4j-to-slf4j\2.21.1\log4j-to-slf4j-2.21.1.jar;D:\JEE\repository\maven-repository\org\apache\logging\log4j\log4j-api\2.21.1\log4j-api-2.21.1.jar;D:\JEE\repository\maven-repository\org\slf4j\jul-to-slf4j\2.0.9\jul-to-slf4j-2.0.9.jar;D:\JEE\repository\maven-repository\jakarta\annotation\jakarta.annotation-api\2.1.1\jakarta.annotation-api-2.1.1.jar;D:\JEE\repository\maven-repository\org\yaml\snakeyaml\2.2\snakeyaml-2.2.jar;D:\JEE\repository\maven-repository\org\springframework\boot\spring-boot-starter-json\3.2.0\spring-boot-starter-json-3.2.0.jar;D:\JEE\repository\maven-repository\com\fasterxml\jackson\core\jackson-databind\2.15.3\jackson-databind-2.15.3.jar;D:\JEE\repository\maven-repository\com\fasterxml\jackson\core\jackson-annotations\2.15.3\jackson-annotations-2.15.3.jar;D:\JEE\repository\maven-repository\com\fasterxml\jackson\core\jackson-core\2.15.3\jackson-core-2.15.3.jar;D:\JEE\repository\maven-repository\com\fasterxml\jackson\datatype\jackson-datatype-jdk8\2.15.3\jackson-datatype-jdk8-2.15.3.jar;D:\JEE\repository\maven-repository\com\fasterxml\jackson\datatype\jackson-datatype-jsr310\2.15.3\jackson-datatype-jsr310-2.15.3.jar;D:\JEE\repository\maven-repository\com\fasterxml\jackson\module\jackson-module-parameter-names\2.15.3\jackson-module-parameter-names-2.15.3.jar;D:\JEE\repository\maven-repository\org\springframework\boot\spring-boot-starter-tomcat\3.2.0\spring-boot-starter-tomcat-3.2.0.jar;D:\JEE\repository\maven-repository\org\apache\tomcat\embed\tomcat-embed-core\10.1.16\tomcat-embed-core-10.1.16.jar;D:\JEE\repository\maven-repository\org\apache\tomcat\embed\tomcat-embed-el\10.1.16\tomcat-embed-el-10.1.16.jar;D:\JEE\repository\maven-repository\org\apache\tomcat\embed\tomcat-embed-websocket\10.1.16\tomcat-embed-websocket-10.1.16.jar;D:\JEE\repository\maven-repository\org\springframework\spring-web\6.1.1\spring-web-6.1.1.jar;D:\JEE\repository\maven-repository\org\springframework\spring-beans\6.1.1\spring-beans-6.1.1.jar;D:\JEE\repository\maven-repository\io\micrometer\micrometer-observation\1.12.0\micrometer-observation-1.12.0.jar;D:\JEE\repository\maven-repository\io\micrometer\micrometer-commons\1.12.0\micrometer-commons-1.12.0.jar;D:\JEE\repository\maven-repository\org\springframework\spring-webmvc\6.1.1\spring-webmvc-6.1.1.jar;D:\JEE\repository\maven-repository\org\springframework\spring-aop\6.1.1\spring-aop-6.1.1.jar;D:\JEE\repository\maven-repository\org\springframework\spring-context\6.1.1\spring-context-6.1.1.jar;D:\JEE\repository\maven-repository\org\springframework\spring-expression\6.1.1\spring-expression-6.1.1.jar;D:\JEE\repository\maven-repository\com\h2database\h2\2.2.224\h2-2.2.224.jar;D:\JEE\repository\maven-repository\org\projectlombok\lombok\1.18.30\lombok-1.18.30.jar;D:\JEE\repository\maven-repository\org\springframework\boot\spring-boot-starter-test\3.2.0\spring-boot-starter-test-3.2.0.jar;D:\JEE\repository\maven-repository\org\springframework\boot\spring-boot-test\3.2.0\spring-boot-test-3.2.0.jar;D:\JEE\repository\maven-repository\org\springframework\boot\spring-boot-test-autoconfigure\3.2.0\spring-boot-test-autoconfigure-3.2.0.jar;D:\JEE\repository\maven-repository\com\jayway\jsonpath\json-path\2.8.0\json-path-2.8.0.jar;D:\JEE\repository\maven-repository\org\slf4j\slf4j-api\2.0.9\slf4j-api-2.0.9.jar;D:\JEE\repository\maven-repository\jakarta\xml\bind\jakarta.xml.bind-api\4.0.1\jakarta.xml.bind-api-4.0.1.jar;D:\JEE\repository\maven-repository\jakarta\activation\jakarta.activation-api\2.1.2\jakarta.activation-api-2.1.2.jar;D:\JEE\repository\maven-repository\net\minidev\json-smart\2.5.0\json-smart-2.5.0.jar;D:\JEE\repository\maven-repository\net\minidev\accessors-smart\2.5.0\accessors-smart-2.5.0.jar;D:\JEE\repository\maven-repository\org\ow2\asm\asm\9.3\asm-9.3.jar;D:\JEE\repository\maven-repository\org\assertj\assertj-core\3.24.2\assertj-core-3.24.2.jar;D:\JEE\repository\maven-repository\net\bytebuddy\byte-buddy\1.14.10\byte-buddy-1.14.10.jar;D:\JEE\repository\maven-repository\org\awaitility\awaitility\4.2.0\awaitility-4.2.0.jar;D:\JEE\repository\maven-repository\org\hamcrest\hamcrest\2.2\hamcrest-2.2.jar;D:\JEE\repository\maven-repository\org\junit\jupiter\junit-jupiter\5.10.1\junit-jupiter-5.10.1.jar;D:\JEE\repository\maven-repository\org\junit\jupiter\junit-jupiter-api\5.10.1\junit-jupiter-api-5.10.1.jar;D:\JEE\repository\maven-repository\org\opentest4j\opentest4j\1.3.0\opentest4j-1.3.0.jar;D:\JEE\repository\maven-repository\org\junit\platform\junit-platform-commons\1.10.1\junit-platform-commons-1.10.1.jar;D:\JEE\repository\maven-repository\org\apiguardian\apiguardian-api\1.1.2\apiguardian-api-1.1.2.jar;D:\JEE\repository\maven-repository\org\junit\jupiter\junit-jupiter-params\5.10.1\junit-jupiter-params-5.10.1.jar;D:\JEE\repository\maven-repository\org\junit\jupiter\junit-jupiter-engine\5.10.1\junit-jupiter-engine-5.10.1.jar;D:\JEE\repository\maven-repository\org\junit\platform\junit-platform-engine\1.10.1\junit-platform-engine-1.10.1.jar;D:\JEE\repository\maven-repository\org\mockito\mockito-core\5.7.0\mockito-core-5.7.0.jar;D:\JEE\repository\maven-repository\net\bytebuddy\byte-buddy-agent\1.14.10\byte-buddy-agent-1.14.10.jar;D:\JEE\repository\maven-repository\org\objenesis\objenesis\3.3\objenesis-3.3.jar;D:\JEE\repository\maven-repository\org\mockito\mockito-junit-jupiter\5.7.0\mockito-junit-jupiter-5.7.0.jar;D:\JEE\repository\maven-repository\org\skyscreamer\jsonassert\1.5.1\jsonassert-1.5.1.jar;D:\JEE\repository\maven-repository\com\vaadin\external\google\android-json\0.0.20131108.vaadin1\android-json-0.0.20131108.vaadin1.jar;D:\JEE\repository\maven-repository\org\springframework\spring-core\6.1.1\spring-core-6.1.1.jar;D:\JEE\repository\maven-repository\org\springframework\spring-jcl\6.1.1\spring-jcl-6.1.1.jar;D:\JEE\repository\maven-repository\org\springframework\spring-test\6.1.1\spring-test-6.1.1.jar;D:\JEE\repository\maven-repository\org\xmlunit\xmlunit-core\2.9.1\xmlunit-core-2.9.1.jar;"/>
    <property name="java.vm.vendor" value="Oracle Corporation"/>
    <property name="sun.arch.data.model" value="64"/>
    <property name="user.variant" value=""/>
    <property name="java.vendor.url" value="https://java.oracle.com/"/>
    <property name="user.timezone" value="Atlantic/Reykjavik"/>
    <property name="os.name" value="Windows 10"/>
    <property name="java.vm.specification.version" value="17"/>
    <property name="sun.java.launcher" value="SUN_STANDARD"/>
    <property name="user.country" value="FR"/>
    <property name="sun.boot.library.path" value="C:\Program Files\Java\jdk-17\bin"/>
    <property name="sun.java.command" value="C:\Users\riema\AppData\Local\Temp\surefire14155573900812989512\surefirebooter-20231128101743738_3.jar C:\Users\riema\AppData\Local\Temp\surefire14155573900812989512 2023-11-28T10-17-39_288-jvmRun1 surefire-20231128101743738_1tmp surefire_0-20231128101743738_2tmp"/>
    <property name="jdk.debug" value="release"/>
    <property name="surefire.test.class.path" value="D:\JEE\qualityGate\target\test-classes;D:\JEE\qualityGate\target\classes;D:\JEE\repository\maven-repository\org\springframework\boot\spring-boot-starter-web\3.2.0\spring-boot-starter-web-3.2.0.jar;D:\JEE\repository\maven-repository\org\springframework\boot\spring-boot-starter\3.2.0\spring-boot-starter-3.2.0.jar;D:\JEE\repository\maven-repository\org\springframework\boot\spring-boot\3.2.0\spring-boot-3.2.0.jar;D:\JEE\repository\maven-repository\org\springframework\boot\spring-boot-autoconfigure\3.2.0\spring-boot-autoconfigure-3.2.0.jar;D:\JEE\repository\maven-repository\org\springframework\boot\spring-boot-starter-logging\3.2.0\spring-boot-starter-logging-3.2.0.jar;D:\JEE\repository\maven-repository\ch\qos\logback\logback-classic\1.4.11\logback-classic-1.4.11.jar;D:\JEE\repository\maven-repository\ch\qos\logback\logback-core\1.4.11\logback-core-1.4.11.jar;D:\JEE\repository\maven-repository\org\apache\logging\log4j\log4j-to-slf4j\2.21.1\log4j-to-slf4j-2.21.1.jar;D:\JEE\repository\maven-repository\org\apache\logging\log4j\log4j-api\2.21.1\log4j-api-2.21.1.jar;D:\JEE\repository\maven-repository\org\slf4j\jul-to-slf4j\2.0.9\jul-to-slf4j-2.0.9.jar;D:\JEE\repository\maven-repository\jakarta\annotation\jakarta.annotation-api\2.1.1\jakarta.annotation-api-2.1.1.jar;D:\JEE\repository\maven-repository\org\yaml\snakeyaml\2.2\snakeyaml-2.2.jar;D:\JEE\repository\maven-repository\org\springframework\boot\spring-boot-starter-json\3.2.0\spring-boot-starter-json-3.2.0.jar;D:\JEE\repository\maven-repository\com\fasterxml\jackson\core\jackson-databind\2.15.3\jackson-databind-2.15.3.jar;D:\JEE\repository\maven-repository\com\fasterxml\jackson\core\jackson-annotations\2.15.3\jackson-annotations-2.15.3.jar;D:\JEE\repository\maven-repository\com\fasterxml\jackson\core\jackson-core\2.15.3\jackson-core-2.15.3.jar;D:\JEE\repository\maven-repository\com\fasterxml\jackson\datatype\jackson-datatype-jdk8\2.15.3\jackson-datatype-jdk8-2.15.3.jar;D:\JEE\repository\maven-repository\com\fasterxml\jackson\datatype\jackson-datatype-jsr310\2.15.3\jackson-datatype-jsr310-2.15.3.jar;D:\JEE\repository\maven-repository\com\fasterxml\jackson\module\jackson-module-parameter-names\2.15.3\jackson-module-parameter-names-2.15.3.jar;D:\JEE\repository\maven-repository\org\springframework\boot\spring-boot-starter-tomcat\3.2.0\spring-boot-starter-tomcat-3.2.0.jar;D:\JEE\repository\maven-repository\org\apache\tomcat\embed\tomcat-embed-core\10.1.16\tomcat-embed-core-10.1.16.jar;D:\JEE\repository\maven-repository\org\apache\tomcat\embed\tomcat-embed-el\10.1.16\tomcat-embed-el-10.1.16.jar;D:\JEE\repository\maven-repository\org\apache\tomcat\embed\tomcat-embed-websocket\10.1.16\tomcat-embed-websocket-10.1.16.jar;D:\JEE\repository\maven-repository\org\springframework\spring-web\6.1.1\spring-web-6.1.1.jar;D:\JEE\repository\maven-repository\org\springframework\spring-beans\6.1.1\spring-beans-6.1.1.jar;D:\JEE\repository\maven-repository\io\micrometer\micrometer-observation\1.12.0\micrometer-observation-1.12.0.jar;D:\JEE\repository\maven-repository\io\micrometer\micrometer-commons\1.12.0\micrometer-commons-1.12.0.jar;D:\JEE\repository\maven-repository\org\springframework\spring-webmvc\6.1.1\spring-webmvc-6.1.1.jar;D:\JEE\repository\maven-repository\org\springframework\spring-aop\6.1.1\spring-aop-6.1.1.jar;D:\JEE\repository\maven-repository\org\springframework\spring-context\6.1.1\spring-context-6.1.1.jar;D:\JEE\repository\maven-repository\org\springframework\spring-expression\6.1.1\spring-expression-6.1.1.jar;D:\JEE\repository\maven-repository\com\h2database\h2\2.2.224\h2-2.2.224.jar;D:\JEE\repository\maven-repository\org\projectlombok\lombok\1.18.30\lombok-1.18.30.jar;D:\JEE\repository\maven-repository\org\springframework\boot\spring-boot-starter-test\3.2.0\spring-boot-starter-test-3.2.0.jar;D:\JEE\repository\maven-repository\org\springframework\boot\spring-boot-test\3.2.0\spring-boot-test-3.2.0.jar;D:\JEE\repository\maven-repository\org\springframework\boot\spring-boot-test-autoconfigure\3.2.0\spring-boot-test-autoconfigure-3.2.0.jar;D:\JEE\repository\maven-repository\com\jayway\jsonpath\json-path\2.8.0\json-path-2.8.0.jar;D:\JEE\repository\maven-repository\org\slf4j\slf4j-api\2.0.9\slf4j-api-2.0.9.jar;D:\JEE\repository\maven-repository\jakarta\xml\bind\jakarta.xml.bind-api\4.0.1\jakarta.xml.bind-api-4.0.1.jar;D:\JEE\repository\maven-repository\jakarta\activation\jakarta.activation-api\2.1.2\jakarta.activation-api-2.1.2.jar;D:\JEE\repository\maven-repository\net\minidev\json-smart\2.5.0\json-smart-2.5.0.jar;D:\JEE\repository\maven-repository\net\minidev\accessors-smart\2.5.0\accessors-smart-2.5.0.jar;D:\JEE\repository\maven-repository\org\ow2\asm\asm\9.3\asm-9.3.jar;D:\JEE\repository\maven-repository\org\assertj\assertj-core\3.24.2\assertj-core-3.24.2.jar;D:\JEE\repository\maven-repository\net\bytebuddy\byte-buddy\1.14.10\byte-buddy-1.14.10.jar;D:\JEE\repository\maven-repository\org\awaitility\awaitility\4.2.0\awaitility-4.2.0.jar;D:\JEE\repository\maven-repository\org\hamcrest\hamcrest\2.2\hamcrest-2.2.jar;D:\JEE\repository\maven-repository\org\junit\jupiter\junit-jupiter\5.10.1\junit-jupiter-5.10.1.jar;D:\JEE\repository\maven-repository\org\junit\jupiter\junit-jupiter-api\5.10.1\junit-jupiter-api-5.10.1.jar;D:\JEE\repository\maven-repository\org\opentest4j\opentest4j\1.3.0\opentest4j-1.3.0.jar;D:\JEE\repository\maven-repository\org\junit\platform\junit-platform-commons\1.10.1\junit-platform-commons-1.10.1.jar;D:\JEE\repository\maven-repository\org\apiguardian\apiguardian-api\1.1.2\apiguardian-api-1.1.2.jar;D:\JEE\repository\maven-repository\org\junit\jupiter\junit-jupiter-params\5.10.1\junit-jupiter-params-5.10.1.jar;D:\JEE\repository\maven-repository\org\junit\jupiter\junit-jupiter-engine\5.10.1\junit-jupiter-engine-5.10.1.jar;D:\JEE\repository\maven-repository\org\junit\platform\junit-platform-engine\1.10.1\junit-platform-engine-1.10.1.jar;D:\JEE\repository\maven-repository\org\mockito\mockito-core\5.7.0\mockito-core-5.7.0.jar;D:\JEE\repository\maven-repository\net\bytebuddy\byte-buddy-agent\1.14.10\byte-buddy-agent-1.14.10.jar;D:\JEE\repository\maven-repository\org\objenesis\objenesis\3.3\objenesis-3.3.jar;D:\JEE\repository\maven-repository\org\mockito\mockito-junit-jupiter\5.7.0\mockito-junit-jupiter-5.7.0.jar;D:\JEE\repository\maven-repository\org\skyscreamer\jsonassert\1.5.1\jsonassert-1.5.1.jar;D:\JEE\repository\maven-repository\com\vaadin\external\google\android-json\0.0.20131108.vaadin1\android-json-0.0.20131108.vaadin1.jar;D:\JEE\repository\maven-repository\org\springframework\spring-core\6.1.1\spring-core-6.1.1.jar;D:\JEE\repository\maven-repository\org\springframework\spring-jcl\6.1.1\spring-jcl-6.1.1.jar;D:\JEE\repository\maven-repository\org\springframework\spring-test\6.1.1\spring-test-6.1.1.jar;D:\JEE\repository\maven-repository\org\xmlunit\xmlunit-core\2.9.1\xmlunit-core-2.9.1.jar;"/>
    <property name="sun.cpu.endian" value="little"/>
    <property name="user.home" value="C:\Users\riema"/>
    <property name="user.language" value="fr"/>
    <property name="java.specification.vendor" value="Oracle Corporation"/>
    <property name="java.version.date" value="2023-07-18"/>
    <property name="java.home" value="C:\Program Files\Java\jdk-17"/>
    <property name="file.separator" value="\"/>
    <property name="basedir" value="D:\JEE\qualityGate"/>
    <property name="java.vm.compressedOopsMode" value="32-bit"/>
    <property name="line.separator" value="&#10;"/>
    <property name="java.vm.specification.vendor" value="Oracle Corporation"/>
    <property name="java.specification.name" value="Java Platform API Specification"/>
    <property name="surefire.real.class.path" value="C:\Users\riema\AppData\Local\Temp\surefire14155573900812989512\surefirebooter-20231128101743738_3.jar"/>
    <property name="user.script" value=""/>
    <property name="sun.management.compiler" value="HotSpot 64-Bit Tiered Compilers"/>
    <property name="java.runtime.version" value="17.0.8+9-LTS-211"/>
    <property name="user.name" value="riema"/>
    <property name="path.separator" value=";"/>
    <property name="os.version" value="10.0"/>
    <property name="java.runtime.name" value="Java(TM) SE Runtime Environment"/>
    <property name="file.encoding" value="Cp1252"/>
    <property name="java.vm.name" value="Java HotSpot(TM) 64-Bit Server VM"/>
    <property name="localRepository" value="D:\JEE\repository\maven-repository"/>
    <property name="java.vendor.url.bug" value="https://bugreport.java.com/bugreport/"/>
    <property name="java.io.tmpdir" value="C:\Users\riema\AppData\Local\Temp\"/>
    <property name="idea.version" value="2023.2"/>
    <property name="java.version" value="17.0.8"/>
    <property name="user.dir" value="D:\JEE\qualityGate"/>
    <property name="os.arch" value="amd64"/>
    <property name="java.vm.specification.name" value="Java Virtual Machine Specification"/>
    <property name="sun.os.patch.level" value=""/>
    <property name="native.encoding" value="Cp1252"/>
    <property name="java.library.path" value="C:\Program Files\Java\jdk-17\bin;C:\WINDOWS\Sun\Java\bin;C:\WINDOWS\system32;C:\WINDOWS;C:\Program Files (x86)\VMware\VMware Workstation\bin\;C:\Program Files\Common Files\Oracle\Java\javapath;C:\Program Files (x86)\Common Files\Oracle\Java\javapath;C:\WINDOWS\system32;C:\WINDOWS;C:\WINDOWS\System32\Wbem;C:\WINDOWS\System32\WindowsPowerShell\v1.0\;C:\WINDOWS\System32\OpenSSH\;C:\Program Files\Java\jdk-17\bin;C:\xampp\php;C:\ProgramData\ComposerSetup\bin;D:\SYMFONY\exe;D:\ISICOURS\PREMIER SEMESTRE\apache-maven-3.9.1\bin;C:\wildfly-preview-23.0.0.Final\bin;C:\Program Files\Microsoft SQL Server\Client SDK\ODBC\170\Tools\Binn\;C:\Program Files\dotnet\;C:\Program Files\Azure Data Studio\bin;C:\Program Files (x86)\Microsoft SQL Server\160\DTS\Binn\;C:\Program Files (x86)\Microsoft SQL Server\160\Tools\Binn\;C:\Program Files\Microsoft SQL Server\160\Tools\Binn\;C:\Program Files\Microsoft SQL Server\160\DTS\Binn\;C:\Program Files\Microsoft SQL Server\150\Tools\Binn\;C:\Python;C:\Users\bmd tech\AppData\Roaming\Microsoft\Windows\Start Menu\Programs\Python 3.11;C:\bin;C:\Users\bmd tech\AppData\Local\Android\Sdk\platform-tools;C:\Program Files\Docker\Docker\resources\bin;C:\Program Files\nodejs\;C:\HashiCorp\Vagrant\bin;C:\Program Files\Git\cmd;C:\Users\riema\AppData\Local\Programs\Python\Python312\Scripts\;C:\Users\riema\AppData\Local\Programs\Python\Python312\;C:\Users\bmd tech\AppData\Local\Programs\Python\Python311\Scripts\;C:\Users\bmd tech\AppData\Local\Programs\Python\Python311\;C:\Users\riema\AppData\Local\Microsoft\WindowsApps;C:\Users\riema\AppData\Local\Programs\Microsoft VS Code\bin;C:\Users\bmd tech\AppData\Roaming\Composer\vendor\bin;C:\Users\riema\.dotnet\tools;C:\Program Files\cmder;C:\Program Files\heroku\bin;C:\Users\riema\AppData\Roaming\npm;."/>
    <property name="java.vm.info" value="mixed mode, sharing"/>
    <property name="java.vendor" value="Oracle Corporation"/>
    <property name="java.vm.version" value="17.0.8+9-LTS-211"/>
    <property name="sun.io.unicode.encoding" value="UnicodeLittle"/>
    <property name="maven.repo.local" value="D:\JEE\repository\maven-repository"/>
    <property name="java.class.version" value="61.0"/>
  </properties>
  <testcase name="message" classname="com.groupeisi.qualityGate.dao.DepotDaoTest" time="0.115"/>
</testsuite>